{
  "0 debug pnpm:scope": {
    "selected": 1,
    "workspacePrefix": "/home/oyvind/Dokumenter/GitHub/razzle-alpha"
  },
  "1 error pnpm": {
    "code": "ELIFECYCLE",
    "errno": "ENOENT",
    "syscall": "spawn",
    "file": "sh",
    "pkgid": "basic-webpack5@5.0.0-alpha.0",
    "stage": "razzle",
    "script": "NODE_ENV=development razzle \"start\"",
    "pkgname": "basic-webpack5",
    "err": {
      "name": "pnpm",
      "message": "basic-webpack5@5.0.0-alpha.0 razzle: `NODE_ENV=development razzle \"start\"`\nspawn ENOENT",
      "code": "ELIFECYCLE",
      "stack": "pnpm: basic-webpack5@5.0.0-alpha.0 razzle: `NODE_ENV=development razzle \"start\"`\nspawn ENOENT\n    at ChildProcess.<anonymous> (/snapshot/dist/pnpm.cjs)\n    at ChildProcess.emit (events.js:376:20)\n    at maybeClose (internal/child_process.js:1055:16)\n    at Process.ChildProcess._handle.onexit (internal/child_process.js:288:5)"
    }
  },
  "2 warn pnpm:global": " Local package.json exists, but node_modules missing, did you mean to install?"
}